<?xml version="1.0" encoding="UTF-8"?>
<!-- Generated by org.testng.reporters.JUnitReportReporter -->
<testsuite hostname="WPG02VB8L" failures="0" tests="3" name="testng.Grps1" time="0.003" errors="0" timestamp="2022-09-27T17:40:30 IST" skipped="0">
  <testcase classname="testng.Grps1" name="sendMail" time="0.001"/>
  <system-out/>
  <testcase classname="testng.Grps1" name="reg" time="0.002"/>
  <system-out/>
  <testcase classname="testng.Grps1" name="login" time="0.000"/>
  <system-out/>
</testsuite> <!-- testng.Grps1 -->
