<?xml version="1.0" encoding="UTF-8"?>
<!-- Generated by org.testng.reporters.JUnitReportReporter -->
<testsuite hostname="WPG02VB8L" failures="0" tests="4" name="testng.HRMTestNG" time="75.445" errors="0" timestamp="2022-09-26T16:57:04 IST" skipped="0">
  <testcase classname="testng.HRMTestNG" name="testcase1" time="10.377"/>
  <system-out/>
  <testcase classname="testng.HRMTestNG" name="testcase3" time="22.919"/>
  <system-out/>
  <testcase classname="testng.HRMTestNG" name="testcase4" time="28.762"/>
  <system-out/>
  <testcase classname="testng.HRMTestNG" name="testcase2" time="13.387"/>
  <system-out/>
</testsuite> <!-- testng.HRMTestNG -->
