<?xml version="1.0" encoding="UTF-8"?>
<!-- Generated by org.testng.reporters.JUnitReportReporter -->
<testsuite hostname="WPG02VB8L" failures="0" tests="2" name="testng.TestNGExampleTest" time="0.006" errors="0" timestamp="2022-09-26T18:36:56 IST" skipped="0">
  <testcase classname="testng.TestNGExampleTest" name="testCase1" time="0.004"/>
  <system-out/>
  <testcase classname="testng.TestNGExampleTest" name="testCase2" time="0.002"/>
  <system-out/>
</testsuite> <!-- testng.TestNGExampleTest -->
