<?xml version="1.0" encoding="UTF-8"?>
<!-- Generated by org.testng.reporters.JUnitReportReporter -->
<testsuite hostname="WPG02VB8L" failures="0" tests="3" name="testng.Depends1" time="0.011" errors="0" timestamp="2022-09-27T17:40:30 IST" skipped="0">
  <testcase classname="testng.Depends1" name="login" time="0.001"/>
  <system-out/>
  <testcase classname="testng.Depends1" name="sendMail" time="0.001"/>
  <system-out/>
  <testcase classname="testng.Depends1" name="reg" time="0.009"/>
  <system-out/>
</testsuite> <!-- testng.Depends1 -->
