<?xml version="1.0" encoding="UTF-8"?>
<!-- Generated by org.testng.reporters.JUnitReportReporter -->
<testsuite hostname="WPG02VB8L" failures="0" tests="3" name="testng.Priority1" time="0.006" errors="0" timestamp="2022-09-27T17:40:30 IST" skipped="0">
  <testcase classname="testng.Priority1" name="reg" time="0.002"/>
  <system-out/>
  <testcase classname="testng.Priority1" name="login" time="0.002"/>
  <system-out/>
  <testcase classname="testng.Priority1" name="sendMail" time="0.002"/>
  <system-out/>
</testsuite> <!-- testng.Priority1 -->
